<?xml version="1.0" encoding="UTF-8"?>
<coverage generated="1549109738911" clover="3.2.0">
  <project timestamp="1549109738911" name="All files">
    <metrics statements="17" coveredstatements="17" conditionals="0" coveredconditionals="0" methods="10" coveredmethods="10" elements="27" coveredelements="27" complexity="0" loc="17" ncloc="17" packages="4" files="4" classes="4">
      <package name="src">
        <metrics statements="6" coveredstatements="6" conditionals="0" coveredconditionals="0" methods="6" coveredmethods="6"/>
        <file name="libraryGenerator.js" path="/Users/amynahmas/Workspaces/library/src/libraryGenerator.js">
          <metrics statements="6" coveredstatements="6" conditionals="0" coveredconditionals="0" methods="6" coveredmethods="6"/>
          <line num="5" count="2" type="stmt"/>
          <line num="7" count="2" type="stmt"/>
          <line num="8" count="2" type="stmt"/>
          <line num="11" count="2" type="stmt"/>
          <line num="18" count="2" type="stmt"/>
          <line num="26" count="2" type="stmt"/>
        </file>
      </package>
      <package name="src.Book">
        <metrics statements="4" coveredstatements="4" conditionals="0" coveredconditionals="0" methods="1" coveredmethods="1"/>
        <file name="index.jsx" path="/Users/amynahmas/Workspaces/library/src/Book/index.jsx">
          <metrics statements="4" coveredstatements="4" conditionals="0" coveredconditionals="0" methods="1" coveredmethods="1"/>
          <line num="6" count="2" type="stmt"/>
          <line num="8" count="3" type="stmt"/>
          <line num="9" count="3" type="stmt"/>
          <line num="11" count="3" type="stmt"/>
        </file>
      </package>
      <package name="src.Catalog">
        <metrics statements="5" coveredstatements="5" conditionals="0" coveredconditionals="0" methods="2" coveredmethods="2"/>
        <file name="index.jsx" path="/Users/amynahmas/Workspaces/library/src/Catalog/index.jsx">
          <metrics statements="5" coveredstatements="5" conditionals="0" coveredconditionals="0" methods="2" coveredmethods="2"/>
          <line num="6" count="1" type="stmt"/>
          <line num="8" count="1" type="stmt"/>
          <line num="9" count="2" type="stmt"/>
          <line num="10" count="2" type="stmt"/>
          <line num="13" count="1" type="stmt"/>
        </file>
      </package>
      <package name="src.Header">
        <metrics statements="2" coveredstatements="2" conditionals="0" coveredconditionals="0" methods="1" coveredmethods="1"/>
        <file name="index.jsx" path="/Users/amynahmas/Workspaces/library/src/Header/index.jsx">
          <metrics statements="2" coveredstatements="2" conditionals="0" coveredconditionals="0" methods="1" coveredmethods="1"/>
          <line num="5" count="1" type="stmt"/>
          <line num="6" count="1" type="stmt"/>
        </file>
      </package>
    </metrics>
  </project>
</coverage>
