{"/Users/amynahmas/Workspaces/library/src/libraryGenerator.js": {"path":"/Users/amynahmas/Workspaces/library/src/libraryGenerator.js","statementMap":{"0":{"start":{"line":5,"column":28},"end":{"line":5,"column":61}},"1":{"start":{"line":7,"column":28},"end":{"line":9,"column":5}},"2":{"start":{"line":8,"column":8},"end":{"line":8,"column":58}},"3":{"start":{"line":11,"column":31},"end":{"line":16,"column":7}},"4":{"start":{"line":11,"column":37},"end":{"line":16,"column":7}},"5":{"start":{"line":11,"column":77},"end":{"line":16,"column":5}},"6":{"start":{"line":18,"column":31},"end":{"line":24,"column":7}},"7":{"start":{"line":18,"column":37},"end":{"line":24,"column":7}},"8":{"start":{"line":18,"column":97},"end":{"line":24,"column":5}},"9":{"start":{"line":26,"column":4},"end":{"line":29,"column":6}}},"fnMap":{"0":{"name":"(anonymous_0)","decl":{"start":{"line":3,"column":15},"end":{"line":3,"column":16}},"loc":{"start":{"line":3,"column":99},"end":{"line":30,"column":1}},"line":3},"1":{"name":"(anonymous_1)","decl":{"start":{"line":7,"column":28},"end":{"line":7,"column":29}},"loc":{"start":{"line":7,"column":34},"end":{"line":9,"column":5}},"line":7},"2":{"name":"(anonymous_2)","decl":{"start":{"line":11,"column":31},"end":{"line":11,"column":32}},"loc":{"start":{"line":11,"column":37},"end":{"line":16,"column":7}},"line":11},"3":{"name":"(anonymous_3)","decl":{"start":{"line":11,"column":71},"end":{"line":11,"column":72}},"loc":{"start":{"line":11,"column":77},"end":{"line":16,"column":5}},"line":11},"4":{"name":"(anonymous_4)","decl":{"start":{"line":18,"column":31},"end":{"line":18,"column":32}},"loc":{"start":{"line":18,"column":37},"end":{"line":24,"column":7}},"line":18},"5":{"name":"(anonymous_5)","decl":{"start":{"line":18,"column":83},"end":{"line":18,"column":84}},"loc":{"start":{"line":18,"column":97},"end":{"line":24,"column":5}},"line":18}},"branchMap":{},"s":{"0":2,"1":2,"2":2,"3":2,"4":2,"5":2,"6":2,"7":2,"8":2,"9":2},"f":{"0":2,"1":2,"2":2,"3":2,"4":2,"5":2},"b":{},"_coverageSchema":"332fd63041d2c1bcb487cc26dd0d5f7d97098a6c","hash":"6b3ded46a0847a23a952277fe3d3611289a6b8be"}
,"/Users/amynahmas/Workspaces/library/src/Book/index.jsx": {"path":"/Users/amynahmas/Workspaces/library/src/Book/index.jsx","statementMap":{"0":{"start":{"line":6,"column":13},"end":{"line":35,"column":1}},"1":{"start":{"line":8,"column":39},"end":{"line":8,"column":43}},"2":{"start":{"line":9,"column":31},"end":{"line":9,"column":71}},"3":{"start":{"line":11,"column":2},"end":{"line":34,"column":3}}},"fnMap":{"0":{"name":"(anonymous_0)","decl":{"start":{"line":6,"column":13},"end":{"line":6,"column":14}},"loc":{"start":{"line":6,"column":35},"end":{"line":35,"column":1}},"line":6}},"branchMap":{},"s":{"0":2,"1":3,"2":3,"3":3},"f":{"0":3},"b":{},"_coverageSchema":"332fd63041d2c1bcb487cc26dd0d5f7d97098a6c","hash":"3cc64c07ce279e4907201d1de4ef61db6c7392d3"}
,"/Users/amynahmas/Workspaces/library/src/Catalog/index.jsx": {"path":"/Users/amynahmas/Workspaces/library/src/Catalog/index.jsx","statementMap":{"0":{"start":{"line":6,"column":16},"end":{"line":18,"column":1}},"1":{"start":{"line":8,"column":32},"end":{"line":11,"column":6}},"2":{"start":{"line":9,"column":23},"end":{"line":9,"column":52}},"3":{"start":{"line":10,"column":8},"end":{"line":10,"column":67}},"4":{"start":{"line":13,"column":4},"end":{"line":17,"column":5}}},"fnMap":{"0":{"name":"(anonymous_0)","decl":{"start":{"line":6,"column":16},"end":{"line":6,"column":17}},"loc":{"start":{"line":6,"column":48},"end":{"line":18,"column":1}},"line":6},"1":{"name":"(anonymous_1)","decl":{"start":{"line":8,"column":47},"end":{"line":8,"column":48}},"loc":{"start":{"line":8,"column":55},"end":{"line":11,"column":5}},"line":8}},"branchMap":{},"s":{"0":1,"1":1,"2":2,"3":2,"4":1},"f":{"0":1,"1":2},"b":{},"_coverageSchema":"332fd63041d2c1bcb487cc26dd0d5f7d97098a6c","hash":"411c2a7820f9055c050d37ef56f1c764d09668b8"}
,"/Users/amynahmas/Workspaces/library/src/Header/index.jsx": {"path":"/Users/amynahmas/Workspaces/library/src/Header/index.jsx","statementMap":{"0":{"start":{"line":5,"column":15},"end":{"line":9,"column":1}},"1":{"start":{"line":6,"column":2},"end":{"line":8,"column":11}}},"fnMap":{"0":{"name":"(anonymous_0)","decl":{"start":{"line":5,"column":15},"end":{"line":5,"column":16}},"loc":{"start":{"line":6,"column":2},"end":{"line":8,"column":11}},"line":6}},"branchMap":{},"s":{"0":1,"1":1},"f":{"0":1},"b":{},"_coverageSchema":"332fd63041d2c1bcb487cc26dd0d5f7d97098a6c","hash":"27a021d98044ebbd4ee4fa27588bb2588721e0a7"}
}
